# JRE version: Java(TM) SE Runtime Environment (8.0_72-b15) (build 1.8.0_72-b15)
# Java VM: Java HotSpot(TM) 64-Bit Server VM (25.72-b15 mixed mode bsd-amd64 compressed oops)
Heap:
 PSYoungGen      total 340992K, used 95484K [0x000000078ab00000, 0x00000007a5e80000, 0x00000007c0000000)
  eden space 261632K, 19% used [0x000000078ab00000,0x000000078dc63348,0x000000079aa80000)
  from space 79360K, 56% used [0x00000007a1100000,0x00000007a3cdbdc0,0x00000007a5e80000)
  to   space 92160K, 0% used [0x000000079aa80000,0x000000079aa80000,0x00000007a0480000)
 ParOldGen       total 204800K, used 117461K [0x0000000720000000, 0x000000072c800000, 0x000000078ab00000)
  object space 204800K, 57% used [0x0000000720000000,0x00000007272b5448,0x000000072c800000)
 Metaspace       used 80226K, capacity 81298K, committed 81496K, reserved 1120256K
  class space    used 9766K, capacity 10063K, committed 10072K, reserved 1048576K
GC Heap History (10 events):
Event: 625.082 GC heap before
{Heap before GC invocations=25 (full 3):
 PSYoungGen      total 316416K, used 316385K [0x000000078ab00000, 0x00000007a4080000, 0x00000007c0000000)
  eden space 269824K, 100% used [0x000000078ab00000,0x000000079b280000,0x000000079b280000)
  from space 46592K, 99% used [0x000000079b280000,0x000000079dff8790,0x000000079e000000)
  to   space 53248K, 0% used [0x00000007a0c80000,0x00000007a0c80000,0x00000007a4080000)
 ParOldGen       total 204800K, used 55315K [0x0000000720000000, 0x000000072c800000, 0x000000078ab00000)
  object space 204800K, 27% used [0x0000000720000000,0x0000000723604d68,0x000000072c800000)
 Metaspace       used 79153K, capacity 80192K, committed 80472K, reserved 1120256K
  class space    used 9695K, capacity 9983K, committed 10072K, reserved 1048576K
Event: 625.175 GC heap after
Heap after GC invocations=25 (full 3):
 PSYoungGen      total 351744K, used 53233K [0x000000078ab00000, 0x00000007a4e00000, 0x00000007c0000000)
  eden space 298496K, 0% used [0x000000078ab00000,0x000000078ab00000,0x000000079ce80000)
  from space 53248K, 99% used [0x00000007a0c80000,0x00000007a407c678,0x00000007a4080000)
  to   space 63488K, 0% used [0x000000079ce80000,0x000000079ce80000,0x00000007a0c80000)
 ParOldGen       total 204800K, used 61107K [0x0000000720000000, 0x000000072c800000, 0x000000078ab00000)
  object space 204800K, 29% used [0x0000000720000000,0x0000000723bacd68,0x000000072c800000)
 Metaspace       used 79153K, capacity 80192K, committed 80472K, reserved 1120256K
  class space    used 9695K, capacity 9983K, committed 10072K, reserved 1048576K
}
Event: 2613.950 GC heap before
{Heap before GC invocations=26 (full 3):
 PSYoungGen      total 351744K, used 351729K [0x000000078ab00000, 0x00000007a4e00000, 0x00000007c0000000)
  eden space 298496K, 100% used [0x000000078ab00000,0x000000079ce80000,0x000000079ce80000)
  from space 53248K, 99% used [0x00000007a0c80000,0x00000007a407c678,0x00000007a4080000)
  to   space 63488K, 0% used [0x000000079ce80000,0x000000079ce80000,0x00000007a0c80000)
 ParOldGen       total 204800K, used 61107K [0x0000000720000000, 0x000000072c800000, 0x000000078ab00000)
  object space 204800K, 29% used [0x0000000720000000,0x0000000723bacd68,0x000000072c800000)
 Metaspace       used 79890K, capacity 80950K, committed 81240K, reserved 1120256K
  class space    used 9746K, capacity 10056K, committed 10072K, reserved 1048576K
Event: 2614.706 GC heap after
Heap after GC invocations=26 (full 3):
 PSYoungGen      total 352256K, used 63463K [0x000000078ab00000, 0x00000007a7200000, 0x00000007c0000000)
  eden space 288768K, 0% used [0x000000078ab00000,0x000000078ab00000,0x000000079c500000)
  from space 63488K, 99% used [0x000000079ce80000,0x00000007a0c79f08,0x00000007a0c80000)
  to   space 88576K, 0% used [0x00000007a1b80000,0x00000007a1b80000,0x00000007a7200000)
 ParOldGen       total 204800K, used 103146K [0x0000000720000000, 0x000000072c800000, 0x000000078ab00000)
  object space 204800K, 50% used [0x0000000720000000,0x00000007264ba9e8,0x000000072c800000)
 Metaspace       used 79890K, capacity 80950K, committed 81240K, reserved 1120256K
  class space    used 9746K, capacity 10056K, committed 10072K, reserved 1048576K
}
Event: 4459.584 GC heap before
{Heap before GC invocations=27 (full 3):
 PSYoungGen      total 352256K, used 352231K [0x000000078ab00000, 0x00000007a7200000, 0x00000007c0000000)
  eden space 288768K, 100% used [0x000000078ab00000,0x000000079c500000,0x000000079c500000)
  from space 63488K, 99% used [0x000000079ce80000,0x00000007a0c79f08,0x00000007a0c80000)
  to   space 88576K, 0% used [0x00000007a1b80000,0x00000007a1b80000,0x00000007a7200000)
 ParOldGen       total 204800K, used 103146K [0x0000000720000000, 0x000000072c800000, 0x000000078ab00000)
  object space 204800K, 50% used [0x0000000720000000,0x00000007264ba9e8,0x000000072c800000)
 Metaspace       used 79954K, capacity 81014K, committed 81240K, reserved 1120256K
  class space    used 9747K, capacity 10056K, committed 10072K, reserved 1048576K
Event: 4460.336 GC heap after
Heap after GC invocations=27 (full 3):
 PSYoungGen      total 368128K, used 62496K [0x000000078ab00000, 0x00000007a7200000, 0x00000007c0000000)
  eden space 279552K, 0% used [0x000000078ab00000,0x000000078ab00000,0x000000079bc00000)
  from space 88576K, 70% used [0x00000007a1b80000,0x00000007a5888130,0x00000007a7200000)
  to   space 93184K, 0% used [0x000000079bc00000,0x000000079bc00000,0x00000007a1700000)
 ParOldGen       total 204800K, used 117445K [0x0000000720000000, 0x000000072c800000, 0x000000078ab00000)
  object space 204800K, 57% used [0x0000000720000000,0x00000007272b1448,0x000000072c800000)
 Metaspace       used 79954K, capacity 81014K, committed 81240K, reserved 1120256K
  class space    used 9747K, capacity 10056K, committed 10072K, reserved 1048576K
}
Event: 6232.066 GC heap before
{Heap before GC invocations=28 (full 3):
 PSYoungGen      total 368128K, used 342048K [0x000000078ab00000, 0x00000007a7200000, 0x00000007c0000000)
  eden space 279552K, 100% used [0x000000078ab00000,0x000000079bc00000,0x000000079bc00000)
  from space 88576K, 70% used [0x00000007a1b80000,0x00000007a5888130,0x00000007a7200000)
  to   space 93184K, 0% used [0x000000079bc00000,0x000000079bc00000,0x00000007a1700000)
 ParOldGen       total 204800K, used 117445K [0x0000000720000000, 0x000000072c800000, 0x000000078ab00000)
  object space 204800K, 57% used [0x0000000720000000,0x00000007272b1448,0x000000072c800000)
 Metaspace       used 80018K, capacity 81078K, committed 81240K, reserved 1120256K
  class space    used 9752K, capacity 10056K, committed 10072K, reserved 1048576K
Event: 6233.731 GC heap after
Heap after GC invocations=28 (full 3):
 PSYoungGen      total 331776K, used 61264K [0x000000078ab00000, 0x00000007a6f00000, 0x00000007c0000000)
  eden space 270336K, 0% used [0x000000078ab00000,0x000000078ab00000,0x000000079b300000)
  from space 61440K, 99% used [0x000000079bc00000,0x000000079f7d41a0,0x000000079f800000)
  to   space 96256K, 0% used [0x00000007a1100000,0x00000007a1100000,0x00000007a6f00000)
 ParOldGen       total 204800K, used 117453K [0x0000000720000000, 0x000000072c800000, 0x000000078ab00000)
  object space 204800K, 57% used [0x0000000720000000,0x00000007272b3448,0x000000072c800000)
 Metaspace       used 80018K, capacity 81078K, committed 81240K, reserved 1120256K
  class space    used 9752K, capacity 10056K, committed 10072K, reserved 1048576K
}
Event: 6421.594 GC heap before
{Heap before GC invocations=29 (full 3):
 PSYoungGen      total 331776K, used 331600K [0x000000078ab00000, 0x00000007a6f00000, 0x00000007c0000000)
  eden space 270336K, 100% used [0x000000078ab00000,0x000000079b300000,0x000000079b300000)
  from space 61440K, 99% used [0x000000079bc00000,0x000000079f7d41a0,0x000000079f800000)
  to   space 96256K, 0% used [0x00000007a1100000,0x00000007a1100000,0x00000007a6f00000)
 ParOldGen       total 204800K, used 117453K [0x0000000720000000, 0x000000072c800000, 0x000000078ab00000)
  object space 204800K, 57% used [0x0000000720000000,0x00000007272b3448,0x000000072c800000)
 Metaspace       used 80225K, capacity 81298K, committed 81496K, reserved 1120256K
  class space    used 9766K, capacity 10063K, committed 10072K, reserved 1048576K
Event: 6421.738 GC heap after
Heap after GC invocations=29 (full 3):
 PSYoungGen      total 340992K, used 44911K [0x000000078ab00000, 0x00000007a5e80000, 0x00000007c0000000)
  eden space 261632K, 0% used [0x000000078ab00000,0x000000078ab00000,0x000000079aa80000)
  from space 79360K, 56% used [0x00000007a1100000,0x00000007a3cdbdc0,0x00000007a5e80000)
  to   space 92160K, 0% used [0x000000079aa80000,0x000000079aa80000,0x00000007a0480000)
 ParOldGen       total 204800K, used 117461K [0x0000000720000000, 0x000000072c800000, 0x000000078ab00000)
  object space 204800K, 57% used [0x0000000720000000,0x00000007272b5448,0x000000072c800000)
 Metaspace       used 80225K, capacity 81298K, committed 81496K, reserved 1120256K
  class space    used 9766K, capacity 10063K, committed 10072K, reserved 1048576K
}

